Summary of SPARK analysis
=========================

-------------------------------------------------------------------------------------------
SPARK Analysis results        Total      Flow   CodePeer     Provers   Justified   Unproved
-------------------------------------------------------------------------------------------
Data Dependencies                 .         .          .           .           .          .
Flow Dependencies                 .         .          .           .           .          .
Initialization                    .         .          .           .           .          .
Non-Aliasing                      .         .          .           .           .          .
Run-time Checks                   3         .          .    2 (CVC4)           .          1
Assertions                        2         .          .    2 (CVC4)           .          .
Functional Contracts              3         .          .    2 (CVC4)           .          1
LSP Verification                  .         .          .           .           .          .
Termination                       1         .          .    1 (CVC4)           .          .
Concurrency                       .         .          .           .           .          .
-------------------------------------------------------------------------------------------
Total                             9         .          .     7 (78%)           .    2 (22%)


max steps used for successful proof: 1

Analyzed 1 unit
in unit pigeonholes, 4 subprograms and packages out of 4 analyzed
  PigeonHoles at pigeonholes.ads:1 flow analyzed (0 errors, 0 checks and 0 warnings) and proved (0 checks)
  PigeonHoles.CountBirds at pigeonholes.ads:11 flow analyzed (0 errors, 0 checks and 9 warnings) and not proved, 0 checks out of 2 proved
  PigeonHoles.DoveBeGone at pigeonholes.ads:15 flow analyzed (0 errors, 0 checks and 0 warnings) and proved (1 checks)
  PigeonHoles.PigeonBeGone at pigeonholes.ads:8 flow analyzed (0 errors, 0 checks and 0 warnings) and proved (6 checks)
