Summary of SPARK analysis
=========================

--------------------------------------------------------------------------------------------
SPARK Analysis results        Total       Flow   CodePeer     Provers   Justified   Unproved
--------------------------------------------------------------------------------------------
Data Dependencies                 3          3          .           .           .          .
Flow Dependencies                 .          .          .           .           .          .
Initialization                    .          .          .           .           .          .
Non-Aliasing                      .          .          .           .           .          .
Run-time Checks                   3          .          .    3 (CVC4)           .          .
Assertions                        .          .          .           .           .          .
Functional Contracts              3          .          .    3 (CVC4)           .          .
LSP Verification                  .          .          .           .           .          .
Termination                       .          .          .           .           .          .
Concurrency                       .          .          .           .           .          .
--------------------------------------------------------------------------------------------
Total                             9    3 (33%)          .     6 (67%)           .          .


max steps used for successful proof: 1

Analyzed 1 unit
in unit ticketmachine, 5 subprograms and packages out of 5 analyzed
  TicketMachine at ticketmachine.ads:1 flow analyzed (0 errors, 0 checks and 0 warnings) and proved (0 checks)
  TicketMachine.Invariant at ticketmachine.ads:8 flow analyzed (0 errors, 0 checks and 0 warnings) and proved (0 checks)
  TicketMachine.returnTicket at ticketmachine.ads:22 flow analyzed (0 errors, 0 checks and 0 warnings) and proved (2 checks)
  TicketMachine.serveCustomer at ticketmachine.ads:17 flow analyzed (0 errors, 0 checks and 0 warnings) and proved (2 checks)
  TicketMachine.takeTicket at ticketmachine.ads:11 flow analyzed (0 errors, 0 checks and 0 warnings) and proved (2 checks)
