Summary of SPARK analysis
=========================

-------------------------------------------------------------------------------------------
SPARK Analysis results        Total      Flow   CodePeer     Provers   Justified   Unproved
-------------------------------------------------------------------------------------------
Data Dependencies                 2         .          .           .           .          2
Flow Dependencies                 .         .          .           .           .          .
Initialization                    .         .          .           .           .          .
Non-Aliasing                      .         .          .           .           .          .
Run-time Checks                   2         .          .    2 (CVC4)           .          .
Assertions                        .         .          .           .           .          .
Functional Contracts              2         .          .    1 (CVC4)           .          1
LSP Verification                  .         .          .           .           .          .
Termination                       .         .          .           .           .          .
Concurrency                       .         .          .           .           .          .
-------------------------------------------------------------------------------------------
Total                             6         .          .     3 (50%)           .    3 (50%)


max steps used for successful proof: 1

Analyzed 1 unit
in unit ticketmachine, 4 subprograms and packages out of 4 analyzed
  TicketMachine at ticketmachine.ads:1 flow analyzed (0 errors, 0 checks and 0 warnings) and proved (0 checks)
  TicketMachine.Invariant at ticketmachine.ads:8 flow analyzed (0 errors, 0 checks and 0 warnings) and proved (0 checks)
  TicketMachine.serveCustomer at ticketmachine.ads:17 flow analyzed (0 errors, 1 checks and 0 warnings) and proved (2 checks)
  TicketMachine.takeTicket at ticketmachine.ads:11 flow analyzed (0 errors, 1 checks and 0 warnings) and not proved, 1 checks out of 2 proved
