Summary of SPARK analysis
=========================

-------------------------------------------------------------------------------------------
SPARK Analysis results        Total      Flow   CodePeer     Provers   Justified   Unproved
-------------------------------------------------------------------------------------------
Data Dependencies                 1         .          .           .           .          1
Flow Dependencies                 .         .          .           .           .          .
Initialization                    .         .          .           .           .          .
Non-Aliasing                      .         .          .           .           .          .
Run-time Checks                   1         .          .    1 (CVC4)           .          .
Assertions                        .         .          .           .           .          .
Functional Contracts              1         .          .    1 (CVC4)           .          .
LSP Verification                  .         .          .           .           .          .
Termination                       .         .          .           .           .          .
Concurrency                       .         .          .           .           .          .
-------------------------------------------------------------------------------------------
Total                             3         .          .     2 (67%)           .    1 (33%)


max steps used for successful proof: 1

Analyzed 1 unit
in unit ticketmachine, 3 subprograms and packages out of 3 analyzed
  TicketMachine at ticketmachine.ads:1 flow analyzed (0 errors, 0 checks and 0 warnings) and proved (0 checks)
  TicketMachine.Invariant at ticketmachine.ads:8 flow analyzed (0 errors, 0 checks and 0 warnings) and proved (0 checks)
  TicketMachine.takeTicket at ticketmachine.ads:11 flow analyzed (0 errors, 1 checks and 0 warnings) and proved (2 checks)
